#
# There is insufficient memory for the Java Runtime Environment to continue.
# Native memory allocation (mmap) failed to map 65536 bytes. Error detail: Failed to commit metaspace.
# Possible reasons:
#   The system is out of physical RAM or swap space
#   This process is running with CompressedOops enabled, and the Java Heap may be blocking the growth of the native heap
# Possible solutions:
#   Reduce memory load on the system
#   Increase physical memory or swap space
#   Check if swap backing store is full
#   Decrease Java heap size (-Xmx/-Xms)
#   Decrease number of Java threads
#   Decrease Java thread stack sizes (-Xss)
#   Set larger code cache with -XX:ReservedCodeCacheSize=
#   JVM is running with Zero Based Compressed Oops mode in which the Java heap is
#     placed in the first 32GB address space. The Java Heap base address is the
#     maximum limit for the native heap growth. Please use -XX:HeapBaseMinAddress
#     to set the Java Heap base and to place the Java Heap above 32GB virtual address.
# This output file may be truncated or incomplete.
#
#  Out of Memory Error (virtualSpaceNode.cpp:112), pid=77664, tid=75220
#
# JRE version: Java(TM) SE Runtime Environment (22.0.1+8) (build 22.0.1+8-16)
# Java VM: Java HotSpot(TM) 64-Bit Server VM (22.0.1+8-16, mixed mode, tiered, compressed oops, compressed class ptrs, g1 gc, windows-amd64)
# No core dump will be written. Minidumps are not enabled by default on client versions of Windows
#

---------------  S U M M A R Y ------------

Command Line: -XX:+ShowCodeDetailsInExceptionMessages hibernate.org.user.App

Host: 13th Gen Intel(R) Core(TM) i7-13620H, 16 cores, 15G,  Windows 11 , 64 bit Build 22621 (10.0.22621.3374)
Time: Thu May 16 18:36:11 2024 Malay Peninsula Standard Time elapsed time: 0.061128 seconds (0d 0h 0m 0s)

---------------  T H R E A D  ---------------

Current thread (0x0000022d48e1c110):  JavaThread "main"             [_thread_in_vm, id=75220, stack(0x000000e0a9b00000,0x000000e0a9c00000) (1024K)]

Stack: [0x000000e0a9b00000,0x000000e0a9c00000]
Native frames: (J=compiled Java code, j=interpreted, Vv=VM code, C=native code)
V  [jvm.dll+0x6e2279]  (no source info available)
V  [jvm.dll+0x874e33]  (no source info available)
V  [jvm.dll+0x87725e]  (no source info available)
V  [jvm.dll+0x877933]  (no source info available)
V  [jvm.dll+0x27fd76]  (no source info available)
V  [jvm.dll+0x870a7e]  (no source info available)
V  [jvm.dll+0x6852e5]  (no source info available)
V  [jvm.dll+0x68534a]  (no source info available)
V  [jvm.dll+0x687b8a]  (no source info available)
V  [jvm.dll+0x2250ac]  (no source info available)
V  [jvm.dll+0x685cfe]  (no source info available)
V  [jvm.dll+0x26b190]  (no source info available)
V  [jvm.dll+0x215cf7]  (no source info available)
V  [jvm.dll+0x20b4ee]  (no source info available)
V  [jvm.dll+0x5c462f]  (no source info available)
V  [jvm.dll+0x21cc6a]  (no source info available)
V  [jvm.dll+0x7eb6dc]  (no source info available)
V  [jvm.dll+0x7ec776]  (no source info available)
V  [jvm.dll+0x7ecd84]  (no source info available)
V  [jvm.dll+0x7eca08]  (no source info available)
V  [jvm.dll+0x26d79b]  (no source info available)
V  [jvm.dll+0x3dccbf]  (no source info available)
C  0x0000022d5a72afd5  (no source info available)

The last pc belongs to instanceof (printed below).
Java frames: (J=compiled Java code, j=interpreted, Vv=VM code)
j  jdk.internal.misc.Blocker.begin()J+11 java.base@22.0.1
j  java.io.WinNTFileSystem.getBooleanAttributes(Ljava/io/File;)I+0 java.base@22.0.1
j  java.io.FileSystem.hasBooleanAttributes(Ljava/io/File;I)Z+2 java.base@22.0.1
j  java.io.File.exists()Z+30 java.base@22.0.1
j  jdk.internal.vm.PostVMInitHook$1.run()Ljava/io/File;+13 java.base@22.0.1
j  jdk.internal.vm.PostVMInitHook$1.run()Ljava/lang/Object;+1 java.base@22.0.1
j  java.security.AccessController.executePrivileged(Ljava/security/PrivilegedAction;Ljava/security/AccessControlContext;Ljava/lang/Class;)Ljava/lang/Object;+29 java.base@22.0.1
j  java.security.AccessController.doPrivileged(Ljava/security/PrivilegedAction;)Ljava/lang/Object;+5 java.base@22.0.1
j  jdk.internal.vm.PostVMInitHook.getConfigFilePrivileged()Ljava/io/File;+109 java.base@22.0.1
j  jdk.internal.vm.PostVMInitHook.trackJavaUsage()V+16 java.base@22.0.1
j  jdk.internal.vm.PostVMInitHook.run()V+0 java.base@22.0.1
v  ~StubRoutines::call_stub 0x0000022d5a71100d
instanceof  193 instanceof  [0x0000022d5a72af60, 0x0000022d5a72b178]  536 bytes
[MachCode]
  0x0000022d5a72af60: 5848 85c0 | 0f84 db01 | 0000 488b | 4de8 488b | 4908 488b | 4908 488b | 5108 410f | b75d 010f 
  0x0000022d5a72af80: cbc1 eb10 | 807c 1a04 | 070f 84b9 | 0000 0050 | e805 0000 | 00e9 9600 | 0000 488d | 4424 084c 
  0x0000022d5a72afa0: 896d c049 | 8bcf c5f8 | 7749 89af | b003 0000 | 4989 87a0 | 0300 0048 | 83ec 2040 | f6c4 0f0f 
  0x0000022d5a72afc0: 8419 0000 | 0048 83ec | 0848 b8d0 | cb82 e7fe | 7f00 00ff | d048 83c4 | 08e9 0c00 | 0000 48b8 
  0x0000022d5a72afe0: d0cb 82e7 | fe7f 0000 | ffd0 4883 | c420 49c7 | 87a0 0300 | 0000 0000 | 0049 c787 | b003 0000 
  0x0000022d5a72b000: 0000 0000 | 49c7 87a8 | 0300 0000 | 0000 00c5 | f877 4983 | 7f08 000f | 8405 0000 | 00e9 de5e 
  0x0000022d5a72b020: feff 4c8b | 6dc0 4c8b | 75c8 4e8d | 74f5 00c3 | 498b 8700 | 0400 0049 | c787 0004 | 0000 0000 
  0x0000022d5a72b040: 0000 5a8b | 5208 eb11 | 8b50 0866 | 8b5c d948 | 488b 4928 | 488b 44d9 | 0848 8b4d | d848 85c9 
  0x0000022d5a72b060: 0f84 9500 | 0000 488b | 7910 483b | fa0f 850f | 0000 0048 | 8341 1801 | 4883 5918 | 00e9 7100 
  0x0000022d5a72b080: 0000 4885 | ff0f 8442 | 0000 0048 | 8b79 2048 | 3bfa 0f85 | 0f00 0000 | 4883 4128 | 0148 8359 
  0x0000022d5a72b0a0: 2800 e94c | 0000 0048 | 85ff 740f | 4883 4108 | 0148 8359 | 0800 e938 | 0000 0048 | 8951 20bf 
  0x0000022d5a72b0c0: 0100 0000 | 4889 7928 | e926 0000 | 0048 3b51 | 200f 850f | 0000 0048 | 8341 2801 | 4883 5928 
  0x0000022d5a72b0e0: 00e9 0d00 | 0000 4889 | 5110 bf01 | 0000 0048 | 8979 1848 | 83c1 3048 | 894d d848 | 3bd0 0f84 
  0x0000022d5a72b100: 3700 0000 | 8b48 1448 | 3b04 0a0f | 842a 0000 | 0083 f920 | 0f85 1d00 | 0000 5748 | 8b7a 288b 
  0x0000022d5a72b120: 0f48 83c7 | 0848 85c0 | f248 af5f | 7509 4889 | 4220 e904 | 0000 0033 | c0eb 23b8 | 0100 0000 
  0x0000022d5a72b140: e919 0000 | 0048 8b4d | d848 85c9 | 0f84 0c00 | 0000 8049 | 0101 4883 | c130 4889 | 4dd8 410f 
  0x0000022d5a72b160: b65d 0349 | 83c5 0349 | baf0 d90c | e8fe 7f00 | 0041 ff24 | da66 6690 
[/MachCode]

---------------  P R O C E S S  ---------------

Threads class SMR info:
_java_thread_list=0x0000022d04260ae0, length=11, elements={
0x0000022d48e1c110, 0x0000022d040d6e70, 0x0000022d040d7b30, 0x0000022d040cc640,
0x0000022d040cd0a0, 0x0000022d040ce110, 0x0000022d040c6e50, 0x0000022d040c9bf0,
0x0000022d040ca3e0, 0x0000022d041fe950, 0x0000022d04295bd0
}

Java Threads: ( => current thread )
=>0x0000022d48e1c110 JavaThread "main"                              [_thread_in_vm, id=75220, stack(0x000000e0a9b00000,0x000000e0a9c00000) (1024K)]
  0x0000022d040d6e70 JavaThread "Reference Handler"          daemon [_thread_blocked, id=63648, stack(0x000000e0aa300000,0x000000e0aa400000) (1024K)]
  0x0000022d040d7b30 JavaThread "Finalizer"                  daemon [_thread_blocked, id=57948, stack(0x000000e0aa400000,0x000000e0aa500000) (1024K)]
  0x0000022d040cc640 JavaThread "Signal Dispatcher"          daemon [_thread_blocked, id=77368, stack(0x000000e0aa500000,0x000000e0aa600000) (1024K)]
  0x0000022d040cd0a0 JavaThread "Attach Listener"            daemon [_thread_blocked, id=79224, stack(0x000000e0aa600000,0x000000e0aa700000) (1024K)]
  0x0000022d040ce110 JavaThread "Service Thread"             daemon [_thread_blocked, id=75304, stack(0x000000e0aa700000,0x000000e0aa800000) (1024K)]
  0x0000022d040c6e50 JavaThread "Monitor Deflation Thread"   daemon [_thread_blocked, id=75904, stack(0x000000e0aa800000,0x000000e0aa900000) (1024K)]
  0x0000022d040c9bf0 JavaThread "C2 CompilerThread0"         daemon [_thread_blocked, id=72028, stack(0x000000e0aa900000,0x000000e0aaa00000) (1024K)]
  0x0000022d040ca3e0 JavaThread "C1 CompilerThread0"         daemon [_thread_blocked, id=37512, stack(0x000000e0aaa00000,0x000000e0aab00000) (1024K)]
  0x0000022d041fe950 JavaThread "C1 CompilerThread1"         daemon [_thread_blocked, id=61524, stack(0x000000e0aab00000,0x000000e0aac00000) (1024K)]
  0x0000022d04295bd0 JavaThread "Notification Thread"        daemon [_thread_blocked, id=60084, stack(0x000000e0aac00000,0x000000e0aad00000) (1024K)]
Total: 11

Other Threads:
  0x0000022d04069690 VMThread "VM Thread"                           [id=51884, stack(0x000000e0aa200000,0x000000e0aa300000) (1024K)]
  0x0000022d6a51b5b0 WatcherThread "VM Periodic Task Thread"        [id=60976, stack(0x000000e0aa100000,0x000000e0aa200000) (1024K)]
  0x0000022d4afe8650 WorkerThread "GC Thread#0"                     [id=58156, stack(0x000000e0a9c00000,0x000000e0a9d00000) (1024K)]
  0x0000022d4aff9190 ConcurrentGCThread "G1 Main Marker"            [id=44864, stack(0x000000e0a9d00000,0x000000e0a9e00000) (1024K)]
  0x0000022d4aff9ca0 WorkerThread "G1 Conc#0"                       [id=60920, stack(0x000000e0a9e00000,0x000000e0a9f00000) (1024K)]
  0x0000022d6a3ec4d0 ConcurrentGCThread "G1 Refine#0"               [id=52688, stack(0x000000e0a9f00000,0x000000e0aa000000) (1024K)]
  0x0000022d6a3ecd00 ConcurrentGCThread "G1 Service"                [id=70600, stack(0x000000e0aa000000,0x000000e0aa100000) (1024K)]
Total: 7

Threads with active compile tasks:
Total: 0

VM state: not at safepoint (normal execution)

VM Mutex/Monitor currently owned by a thread:  ([mutex/lock_event])
[0x00007ffee80b9b38] Metaspace_lock - owner thread: 0x0000022d48e1c110

Heap address: 0x0000000704a00000, size: 4022 MB, Compressed Oops mode: Zero based, Oop shift amount: 3

CDS archive(s) not mapped
Compressed class space mapped at: 0x0000000014000000-0x0000000054000000, reserved size: 1073741824
Narrow klass base: 0x0000000000000000, Narrow klass shift: 0, Narrow klass range: 0x54000000

GC Precious Log:
 CardTable entry size: 512
 Card Set container configuration: InlinePtr #cards 4 size 8 Array Of Cards #cards 16 size 48 Howl #buckets 8 coarsen threshold 3686 Howl Bitmap #cards 512 size 80 coarsen threshold 460 Card regions per heap region 1 cards per card region 4096
 CPUs: 16 total, 16 available
 Memory: 16087M
 Large Page Support: Disabled
 NUMA Support: Disabled
 Compressed Oops: Enabled (Zero based)
 Heap Region Size: 2M
 Heap Min Capacity: 8M
 Heap Initial Capacity: 252M
 Heap Max Capacity: 4022M
 Pre-touch: Disabled
 Parallel Workers: 13
 Concurrent Workers: 3
 Concurrent Refinement Workers: 13
 Periodic GC: Disabled

Heap:
 garbage-first heap   total reserved 4118528K, committed 258048K, used 2048K [0x0000000704a00000, 0x0000000800000000)
  region size 2048K, 2 young (4096K), 0 survivors (0K)
 Metaspace       used 4029K, committed 4032K, reserved 1114112K
  class space    used 318K, committed 320K, reserved 1048576K

Heap Regions: E=young(eden), S=young(survivor), O=old, HS=humongous(starts), HC=humongous(continues), CS=collection set, F=free, TAMS=top-at-mark-start, PB=parsable bottom
|   0|0x0000000704a00000, 0x0000000704a00000, 0x0000000704c00000|  0%| F|  |TAMS 0x0000000704a00000| PB 0x0000000704a00000| Untracked |  0
|   1|0x0000000704c00000, 0x0000000704c00000, 0x0000000704e00000|  0%| F|  |TAMS 0x0000000704c00000| PB 0x0000000704c00000| Untracked |  0
|   2|0x0000000704e00000, 0x0000000704e00000, 0x0000000705000000|  0%| F|  |TAMS 0x0000000704e00000| PB 0x0000000704e00000| Untracked |  0
|   3|0x0000000705000000, 0x0000000705000000, 0x0000000705200000|  0%| F|  |TAMS 0x0000000705000000| PB 0x0000000705000000| Untracked |  0
|   4|0x0000000705200000, 0x0000000705200000, 0x0000000705400000|  0%| F|  |TAMS 0x0000000705200000| PB 0x0000000705200000| Untracked |  0
|   5|0x0000000705400000, 0x0000000705400000, 0x0000000705600000|  0%| F|  |TAMS 0x0000000705400000| PB 0x0000000705400000| Untracked |  0
|   6|0x0000000705600000, 0x0000000705600000, 0x0000000705800000|  0%| F|  |TAMS 0x0000000705600000| PB 0x0000000705600000| Untracked |  0
|   7|0x0000000705800000, 0x0000000705800000, 0x0000000705a00000|  0%| F|  |TAMS 0x0000000705800000| PB 0x0000000705800000| Untracked |  0
|   8|0x0000000705a00000, 0x0000000705a00000, 0x0000000705c00000|  0%| F|  |TAMS 0x0000000705a00000| PB 0x0000000705a00000| Untracked |  0
|   9|0x0000000705c00000, 0x0000000705c00000, 0x0000000705e00000|  0%| F|  |TAMS 0x0000000705c00000| PB 0x0000000705c00000| Untracked |  0
|  10|0x0000000705e00000, 0x0000000705e00000, 0x0000000706000000|  0%| F|  |TAMS 0x0000000705e00000| PB 0x0000000705e00000| Untracked |  0
|  11|0x0000000706000000, 0x0000000706000000, 0x0000000706200000|  0%| F|  |TAMS 0x0000000706000000| PB 0x0000000706000000| Untracked |  0
|  12|0x0000000706200000, 0x0000000706200000, 0x0000000706400000|  0%| F|  |TAMS 0x0000000706200000| PB 0x0000000706200000| Untracked |  0
|  13|0x0000000706400000, 0x0000000706400000, 0x0000000706600000|  0%| F|  |TAMS 0x0000000706400000| PB 0x0000000706400000| Untracked |  0
|  14|0x0000000706600000, 0x0000000706600000, 0x0000000706800000|  0%| F|  |TAMS 0x0000000706600000| PB 0x0000000706600000| Untracked |  0
|  15|0x0000000706800000, 0x0000000706800000, 0x0000000706a00000|  0%| F|  |TAMS 0x0000000706800000| PB 0x0000000706800000| Untracked |  0
|  16|0x0000000706a00000, 0x0000000706a00000, 0x0000000706c00000|  0%| F|  |TAMS 0x0000000706a00000| PB 0x0000000706a00000| Untracked |  0
|  17|0x0000000706c00000, 0x0000000706c00000, 0x0000000706e00000|  0%| F|  |TAMS 0x0000000706c00000| PB 0x0000000706c00000| Untracked |  0
|  18|0x0000000706e00000, 0x0000000706e00000, 0x0000000707000000|  0%| F|  |TAMS 0x0000000706e00000| PB 0x0000000706e00000| Untracked |  0
|  19|0x0000000707000000, 0x0000000707000000, 0x0000000707200000|  0%| F|  |TAMS 0x0000000707000000| PB 0x0000000707000000| Untracked |  0
|  20|0x0000000707200000, 0x0000000707200000, 0x0000000707400000|  0%| F|  |TAMS 0x0000000707200000| PB 0x0000000707200000| Untracked |  0
|  21|0x0000000707400000, 0x0000000707400000, 0x0000000707600000|  0%| F|  |TAMS 0x0000000707400000| PB 0x0000000707400000| Untracked |  0
|  22|0x0000000707600000, 0x0000000707600000, 0x0000000707800000|  0%| F|  |TAMS 0x0000000707600000| PB 0x0000000707600000| Untracked |  0
|  23|0x0000000707800000, 0x0000000707800000, 0x0000000707a00000|  0%| F|  |TAMS 0x0000000707800000| PB 0x0000000707800000| Untracked |  0
|  24|0x0000000707a00000, 0x0000000707a00000, 0x0000000707c00000|  0%| F|  |TAMS 0x0000000707a00000| PB 0x0000000707a00000| Untracked |  0
|  25|0x0000000707c00000, 0x0000000707c00000, 0x0000000707e00000|  0%| F|  |TAMS 0x0000000707c00000| PB 0x0000000707c00000| Untracked |  0
|  26|0x0000000707e00000, 0x0000000707e00000, 0x0000000708000000|  0%| F|  |TAMS 0x0000000707e00000| PB 0x0000000707e00000| Untracked |  0
|  27|0x0000000708000000, 0x0000000708000000, 0x0000000708200000|  0%| F|  |TAMS 0x0000000708000000| PB 0x0000000708000000| Untracked |  0
|  28|0x0000000708200000, 0x0000000708200000, 0x0000000708400000|  0%| F|  |TAMS 0x0000000708200000| PB 0x0000000708200000| Untracked |  0
|  29|0x0000000708400000, 0x0000000708400000, 0x0000000708600000|  0%| F|  |TAMS 0x0000000708400000| PB 0x0000000708400000| Untracked |  0
|  30|0x0000000708600000, 0x0000000708600000, 0x0000000708800000|  0%| F|  |TAMS 0x0000000708600000| PB 0x0000000708600000| Untracked |  0
|  31|0x0000000708800000, 0x0000000708800000, 0x0000000708a00000|  0%| F|  |TAMS 0x0000000708800000| PB 0x0000000708800000| Untracked |  0
|  32|0x0000000708a00000, 0x0000000708a00000, 0x0000000708c00000|  0%| F|  |TAMS 0x0000000708a00000| PB 0x0000000708a00000| Untracked |  0
|  33|0x0000000708c00000, 0x0000000708c00000, 0x0000000708e00000|  0%| F|  |TAMS 0x0000000708c00000| PB 0x0000000708c00000| Untracked |  0
|  34|0x0000000708e00000, 0x0000000708e00000, 0x0000000709000000|  0%| F|  |TAMS 0x0000000708e00000| PB 0x0000000708e00000| Untracked |  0
|  35|0x0000000709000000, 0x0000000709000000, 0x0000000709200000|  0%| F|  |TAMS 0x0000000709000000| PB 0x0000000709000000| Untracked |  0
|  36|0x0000000709200000, 0x0000000709200000, 0x0000000709400000|  0%| F|  |TAMS 0x0000000709200000| PB 0x0000000709200000| Untracked |  0
|  37|0x0000000709400000, 0x0000000709400000, 0x0000000709600000|  0%| F|  |TAMS 0x0000000709400000| PB 0x0000000709400000| Untracked |  0
|  38|0x0000000709600000, 0x0000000709600000, 0x0000000709800000|  0%| F|  |TAMS 0x0000000709600000| PB 0x0000000709600000| Untracked |  0
|  39|0x0000000709800000, 0x0000000709800000, 0x0000000709a00000|  0%| F|  |TAMS 0x0000000709800000| PB 0x0000000709800000| Untracked |  0
|  40|0x0000000709a00000, 0x0000000709a00000, 0x0000000709c00000|  0%| F|  |TAMS 0x0000000709a00000| PB 0x0000000709a00000| Untracked |  0
|  41|0x0000000709c00000, 0x0000000709c00000, 0x0000000709e00000|  0%| F|  |TAMS 0x0000000709c00000| PB 0x0000000709c00000| Untracked |  0
|  42|0x0000000709e00000, 0x0000000709e00000, 0x000000070a000000|  0%| F|  |TAMS 0x0000000709e00000| PB 0x0000000709e00000| Untracked |  0
|  43|0x000000070a000000, 0x000000070a000000, 0x000000070a200000|  0%| F|  |TAMS 0x000000070a000000| PB 0x000000070a000000| Untracked |  0
|  44|0x000000070a200000, 0x000000070a200000, 0x000000070a400000|  0%| F|  |TAMS 0x000000070a200000| PB 0x000000070a200000| Untracked |  0
|  45|0x000000070a400000, 0x000000070a400000, 0x000000070a600000|  0%| F|  |TAMS 0x000000070a400000| PB 0x000000070a400000| Untracked |  0
|  46|0x000000070a600000, 0x000000070a600000, 0x000000070a800000|  0%| F|  |TAMS 0x000000070a600000| PB 0x000000070a600000| Untracked |  0
|  47|0x000000070a800000, 0x000000070a800000, 0x000000070aa00000|  0%| F|  |TAMS 0x000000070a800000| PB 0x000000070a800000| Untracked |  0
|  48|0x000000070aa00000, 0x000000070aa00000, 0x000000070ac00000|  0%| F|  |TAMS 0x000000070aa00000| PB 0x000000070aa00000| Untracked |  0
|  49|0x000000070ac00000, 0x000000070ac00000, 0x000000070ae00000|  0%| F|  |TAMS 0x000000070ac00000| PB 0x000000070ac00000| Untracked |  0
|  50|0x000000070ae00000, 0x000000070ae00000, 0x000000070b000000|  0%| F|  |TAMS 0x000000070ae00000| PB 0x000000070ae00000| Untracked |  0
|  51|0x000000070b000000, 0x000000070b000000, 0x000000070b200000|  0%| F|  |TAMS 0x000000070b000000| PB 0x000000070b000000| Untracked |  0
|  52|0x000000070b200000, 0x000000070b200000, 0x000000070b400000|  0%| F|  |TAMS 0x000000070b200000| PB 0x000000070b200000| Untracked |  0
|  53|0x000000070b400000, 0x000000070b400000, 0x000000070b600000|  0%| F|  |TAMS 0x000000070b400000| PB 0x000000070b400000| Untracked |  0
|  54|0x000000070b600000, 0x000000070b600000, 0x000000070b800000|  0%| F|  |TAMS 0x000000070b600000| PB 0x000000070b600000| Untracked |  0
|  55|0x000000070b800000, 0x000000070b800000, 0x000000070ba00000|  0%| F|  |TAMS 0x000000070b800000| PB 0x000000070b800000| Untracked |  0
|  56|0x000000070ba00000, 0x000000070ba00000, 0x000000070bc00000|  0%| F|  |TAMS 0x000000070ba00000| PB 0x000000070ba00000| Untracked |  0
|  57|0x000000070bc00000, 0x000000070bc00000, 0x000000070be00000|  0%| F|  |TAMS 0x000000070bc00000| PB 0x000000070bc00000| Untracked |  0
|  58|0x000000070be00000, 0x000000070be00000, 0x000000070c000000|  0%| F|  |TAMS 0x000000070be00000| PB 0x000000070be00000| Untracked |  0
|  59|0x000000070c000000, 0x000000070c000000, 0x000000070c200000|  0%| F|  |TAMS 0x000000070c000000| PB 0x000000070c000000| Untracked |  0
|  60|0x000000070c200000, 0x000000070c200000, 0x000000070c400000|  0%| F|  |TAMS 0x000000070c200000| PB 0x000000070c200000| Untracked |  0
|  61|0x000000070c400000, 0x000000070c400000, 0x000000070c600000|  0%| F|  |TAMS 0x000000070c400000| PB 0x000000070c400000| Untracked |  0
|  62|0x000000070c600000, 0x000000070c600000, 0x000000070c800000|  0%| F|  |TAMS 0x000000070c600000| PB 0x000000070c600000| Untracked |  0
|  63|0x000000070c800000, 0x000000070c800000, 0x000000070ca00000|  0%| F|  |TAMS 0x000000070c800000| PB 0x000000070c800000| Untracked |  0
|  64|0x000000070ca00000, 0x000000070ca00000, 0x000000070cc00000|  0%| F|  |TAMS 0x000000070ca00000| PB 0x000000070ca00000| Untracked |  0
|  65|0x000000070cc00000, 0x000000070cc00000, 0x000000070ce00000|  0%| F|  |TAMS 0x000000070cc00000| PB 0x000000070cc00000| Untracked |  0
|  66|0x000000070ce00000, 0x000000070ce00000, 0x000000070d000000|  0%| F|  |TAMS 0x000000070ce00000| PB 0x000000070ce00000| Untracked |  0
|  67|0x000000070d000000, 0x000000070d000000, 0x000000070d200000|  0%| F|  |TAMS 0x000000070d000000| PB 0x000000070d000000| Untracked |  0
|  68|0x000000070d200000, 0x000000070d200000, 0x000000070d400000|  0%| F|  |TAMS 0x000000070d200000| PB 0x000000070d200000| Untracked |  0
|  69|0x000000070d400000, 0x000000070d400000, 0x000000070d600000|  0%| F|  |TAMS 0x000000070d400000| PB 0x000000070d400000| Untracked |  0
|  70|0x000000070d600000, 0x000000070d600000, 0x000000070d800000|  0%| F|  |TAMS 0x000000070d600000| PB 0x000000070d600000| Untracked |  0
|  71|0x000000070d800000, 0x000000070d800000, 0x000000070da00000|  0%| F|  |TAMS 0x000000070d800000| PB 0x000000070d800000| Untracked |  0
|  72|0x000000070da00000, 0x000000070da00000, 0x000000070dc00000|  0%| F|  |TAMS 0x000000070da00000| PB 0x000000070da00000| Untracked |  0
|  73|0x000000070dc00000, 0x000000070dc00000, 0x000000070de00000|  0%| F|  |TAMS 0x000000070dc00000| PB 0x000000070dc00000| Untracked |  0
|  74|0x000000070de00000, 0x000000070de00000, 0x000000070e000000|  0%| F|  |TAMS 0x000000070de00000| PB 0x000000070de00000| Untracked |  0
|  75|0x000000070e000000, 0x000000070e000000, 0x000000070e200000|  0%| F|  |TAMS 0x000000070e000000| PB 0x000000070e000000| Untracked |  0
|  76|0x000000070e200000, 0x000000070e200000, 0x000000070e400000|  0%| F|  |TAMS 0x000000070e200000| PB 0x000000070e200000| Untracked |  0
|  77|0x000000070e400000, 0x000000070e400000, 0x000000070e600000|  0%| F|  |TAMS 0x000000070e400000| PB 0x000000070e400000| Untracked |  0
|  78|0x000000070e600000, 0x000000070e600000, 0x000000070e800000|  0%| F|  |TAMS 0x000000070e600000| PB 0x000000070e600000| Untracked |  0
|  79|0x000000070e800000, 0x000000070e800000, 0x000000070ea00000|  0%| F|  |TAMS 0x000000070e800000| PB 0x000000070e800000| Untracked |  0
|  80|0x000000070ea00000, 0x000000070ea00000, 0x000000070ec00000|  0%| F|  |TAMS 0x000000070ea00000| PB 0x000000070ea00000| Untracked |  0
|  81|0x000000070ec00000, 0x000000070ec00000, 0x000000070ee00000|  0%| F|  |TAMS 0x000000070ec00000| PB 0x000000070ec00000| Untracked |  0
|  82|0x000000070ee00000, 0x000000070ee00000, 0x000000070f000000|  0%| F|  |TAMS 0x000000070ee00000| PB 0x000000070ee00000| Untracked |  0
|  83|0x000000070f000000, 0x000000070f000000, 0x000000070f200000|  0%| F|  |TAMS 0x000000070f000000| PB 0x000000070f000000| Untracked |  0
|  84|0x000000070f200000, 0x000000070f200000, 0x000000070f400000|  0%| F|  |TAMS 0x000000070f200000| PB 0x000000070f200000| Untracked |  0
|  85|0x000000070f400000, 0x000000070f400000, 0x000000070f600000|  0%| F|  |TAMS 0x000000070f400000| PB 0x000000070f400000| Untracked |  0
|  86|0x000000070f600000, 0x000000070f600000, 0x000000070f800000|  0%| F|  |TAMS 0x000000070f600000| PB 0x000000070f600000| Untracked |  0
|  87|0x000000070f800000, 0x000000070f800000, 0x000000070fa00000|  0%| F|  |TAMS 0x000000070f800000| PB 0x000000070f800000| Untracked |  0
|  88|0x000000070fa00000, 0x000000070fa00000, 0x000000070fc00000|  0%| F|  |TAMS 0x000000070fa00000| PB 0x000000070fa00000| Untracked |  0
|  89|0x000000070fc00000, 0x000000070fc00000, 0x000000070fe00000|  0%| F|  |TAMS 0x000000070fc00000| PB 0x000000070fc00000| Untracked |  0
|  90|0x000000070fe00000, 0x000000070fe00000, 0x0000000710000000|  0%| F|  |TAMS 0x000000070fe00000| PB 0x000000070fe00000| Untracked |  0
|  91|0x0000000710000000, 0x0000000710000000, 0x0000000710200000|  0%| F|  |TAMS 0x0000000710000000| PB 0x0000000710000000| Untracked |  0
|  92|0x0000000710200000, 0x0000000710200000, 0x0000000710400000|  0%| F|  |TAMS 0x0000000710200000| PB 0x0000000710200000| Untracked |  0
|  93|0x0000000710400000, 0x0000000710400000, 0x0000000710600000|  0%| F|  |TAMS 0x0000000710400000| PB 0x0000000710400000| Untracked |  0
|  94|0x0000000710600000, 0x0000000710600000, 0x0000000710800000|  0%| F|  |TAMS 0x0000000710600000| PB 0x0000000710600000| Untracked |  0
|  95|0x0000000710800000, 0x0000000710800000, 0x0000000710a00000|  0%| F|  |TAMS 0x0000000710800000| PB 0x0000000710800000| Untracked |  0
|  96|0x0000000710a00000, 0x0000000710a00000, 0x0000000710c00000|  0%| F|  |TAMS 0x0000000710a00000| PB 0x0000000710a00000| Untracked |  0
|  97|0x0000000710c00000, 0x0000000710c00000, 0x0000000710e00000|  0%| F|  |TAMS 0x0000000710c00000| PB 0x0000000710c00000| Untracked |  0
|  98|0x0000000710e00000, 0x0000000710e00000, 0x0000000711000000|  0%| F|  |TAMS 0x0000000710e00000| PB 0x0000000710e00000| Untracked |  0
|  99|0x0000000711000000, 0x0000000711000000, 0x0000000711200000|  0%| F|  |TAMS 0x0000000711000000| PB 0x0000000711000000| Untracked |  0
| 100|0x0000000711200000, 0x0000000711200000, 0x0000000711400000|  0%| F|  |TAMS 0x0000000711200000| PB 0x0000000711200000| Untracked |  0
| 101|0x0000000711400000, 0x0000000711400000, 0x0000000711600000|  0%| F|  |TAMS 0x0000000711400000| PB 0x0000000711400000| Untracked |  0
| 102|0x0000000711600000, 0x0000000711600000, 0x0000000711800000|  0%| F|  |TAMS 0x0000000711600000| PB 0x0000000711600000| Untracked |  0
| 103|0x0000000711800000, 0x0000000711800000, 0x0000000711a00000|  0%| F|  |TAMS 0x0000000711800000| PB 0x0000000711800000| Untracked |  0
| 104|0x0000000711a00000, 0x0000000711a00000, 0x0000000711c00000|  0%| F|  |TAMS 0x0000000711a00000| PB 0x0000000711a00000| Untracked |  0
| 105|0x0000000711c00000, 0x0000000711c00000, 0x0000000711e00000|  0%| F|  |TAMS 0x0000000711c00000| PB 0x0000000711c00000| Untracked |  0
| 106|0x0000000711e00000, 0x0000000711e00000, 0x0000000712000000|  0%| F|  |TAMS 0x0000000711e00000| PB 0x0000000711e00000| Untracked |  0
| 107|0x0000000712000000, 0x0000000712000000, 0x0000000712200000|  0%| F|  |TAMS 0x0000000712000000| PB 0x0000000712000000| Untracked |  0
| 108|0x0000000712200000, 0x0000000712200000, 0x0000000712400000|  0%| F|  |TAMS 0x0000000712200000| PB 0x0000000712200000| Untracked |  0
| 109|0x0000000712400000, 0x0000000712400000, 0x0000000712600000|  0%| F|  |TAMS 0x0000000712400000| PB 0x0000000712400000| Untracked |  0
| 110|0x0000000712600000, 0x0000000712600000, 0x0000000712800000|  0%| F|  |TAMS 0x0000000712600000| PB 0x0000000712600000| Untracked |  0
| 111|0x0000000712800000, 0x0000000712800000, 0x0000000712a00000|  0%| F|  |TAMS 0x0000000712800000| PB 0x0000000712800000| Untracked |  0
| 112|0x0000000712a00000, 0x0000000712a00000, 0x0000000712c00000|  0%| F|  |TAMS 0x0000000712a00000| PB 0x0000000712a00000| Untracked |  0
| 113|0x0000000712c00000, 0x0000000712c00000, 0x0000000712e00000|  0%| F|  |TAMS 0x0000000712c00000| PB 0x0000000712c00000| Untracked |  0
| 114|0x0000000712e00000, 0x0000000712e00000, 0x0000000713000000|  0%| F|  |TAMS 0x0000000712e00000| PB 0x0000000712e00000| Untracked |  0
| 115|0x0000000713000000, 0x0000000713000000, 0x0000000713200000|  0%| F|  |TAMS 0x0000000713000000| PB 0x0000000713000000| Untracked |  0
| 116|0x0000000713200000, 0x0000000713200000, 0x0000000713400000|  0%| F|  |TAMS 0x0000000713200000| PB 0x0000000713200000| Untracked |  0
| 117|0x0000000713400000, 0x0000000713400000, 0x0000000713600000|  0%| F|  |TAMS 0x0000000713400000| PB 0x0000000713400000| Untracked |  0
| 118|0x0000000713600000, 0x0000000713600000, 0x0000000713800000|  0%| F|  |TAMS 0x0000000713600000| PB 0x0000000713600000| Untracked |  0
| 119|0x0000000713800000, 0x0000000713800000, 0x0000000713a00000|  0%| F|  |TAMS 0x0000000713800000| PB 0x0000000713800000| Untracked |  0
| 120|0x0000000713a00000, 0x0000000713a00000, 0x0000000713c00000|  0%| F|  |TAMS 0x0000000713a00000| PB 0x0000000713a00000| Untracked |  0
| 121|0x0000000713c00000, 0x0000000713c00000, 0x0000000713e00000|  0%| F|  |TAMS 0x0000000713c00000| PB 0x0000000713c00000| Untracked |  0
| 122|0x0000000713e00000, 0x0000000713e00000, 0x0000000714000000|  0%| F|  |TAMS 0x0000000713e00000| PB 0x0000000713e00000| Untracked |  0
| 123|0x0000000714000000, 0x0000000714000000, 0x0000000714200000|  0%| F|  |TAMS 0x0000000714000000| PB 0x0000000714000000| Untracked |  0
| 124|0x0000000714200000, 0x000000071427ae38, 0x0000000714400000| 24%| E|  |TAMS 0x0000000714200000| PB 0x0000000714200000| Complete |  0
| 125|0x0000000714400000, 0x0000000714600000, 0x0000000714600000|100%| E|CS|TAMS 0x0000000714400000| PB 0x0000000714400000| Complete |  0

Card table byte_map: [0x0000022d63330000,0x0000022d63b10000] _byte_map_base: 0x0000022d5fb0b000

Marking Bits: (CMBitMap*) 0x0000022d4afe8d60
 Bits: [0x0000022d63b10000, 0x0000022d679e8000)

Polling page: 0x0000022d4a740000

Metaspace:

Usage:
  Non-class:      3.62 MB used.
      Class:    318.48 KB used.
       Both:      3.94 MB used.

Virtual space:
  Non-class space:       64.00 MB reserved,       3.62 MB (  6%) committed,  1 nodes.
      Class space:        1.00 GB reserved,     320.00 KB ( <1%) committed,  1 nodes.
             Both:        1.06 GB reserved,       3.94 MB ( <1%) committed. 

Chunk freelists:
   Non-Class:  12.00 MB
       Class:  15.62 MB
        Both:  27.62 MB

MaxMetaspaceSize: unlimited
CompressedClassSpaceSize: 1.00 GB
Initial GC threshold: 21.00 MB
Current GC threshold: 21.00 MB
CDS: off
 - commit_granule_bytes: 65536.
 - commit_granule_words: 8192.
 - virtual_space_node_default_size: 8388608.
 - enlarge_chunks_in_place: 1.
 - use_allocation_guard: 0.


Internal statistics:

num_allocs_failed_limit: 0.
num_arena_births: 2.
num_arena_deaths: 0.
num_vsnodes_births: 2.
num_vsnodes_deaths: 0.
num_space_committed: 63.
num_space_uncommitted: 0.
num_chunks_returned_to_freelist: 0.
num_chunks_taken_from_freelist: 4.
num_chunk_merges: 0.
num_chunk_splits: 2.
num_chunks_enlarged: 0.
num_inconsistent_stats: 0.

CodeHeap 'non-profiled nmethods': size=119168Kb used=15Kb max_used=15Kb free=119152Kb
 bounds [0x0000022d5ae60000, 0x0000022d5b0d0000, 0x0000022d622c0000]
CodeHeap 'profiled nmethods': size=119104Kb used=100Kb max_used=100Kb free=119003Kb
 bounds [0x0000022d532c0000, 0x0000022d53530000, 0x0000022d5a710000]
CodeHeap 'non-nmethods': size=7488Kb used=1735Kb max_used=1735Kb free=5752Kb
 bounds [0x0000022d5a710000, 0x0000022d5a980000, 0x0000022d5ae60000]
 total_blobs=385 nmethods=81 adapters=208
 compilation: enabled
              stopped_count=0, restarted_count=0
 full_count=0

Compilation events (20 events):
Event: 0.058 Thread 0x0000022d041fe950 nmethod 70 0x0000022d532d6e90 code [0x0000022d532d7040, 0x0000022d532d7260]
Event: 0.058 Thread 0x0000022d041fe950   72       3       java.util.ImmutableCollections$SetN::isEmpty (13 bytes)
Event: 0.058 Thread 0x0000022d040ca3e0 nmethod 71 0x0000022d532d7310 code [0x0000022d532d74a0, 0x0000022d532d7608]
Event: 0.058 Thread 0x0000022d040ca3e0   73       3       java.util.ImmutableCollections$Set12::iterator (9 bytes)
Event: 0.058 Thread 0x0000022d041fe950 nmethod 72 0x0000022d532d7710 code [0x0000022d532d78a0, 0x0000022d532d7a00]
Event: 0.058 Thread 0x0000022d041fe950   74       3       java.util.ImmutableCollections$Set12$1::<init> (32 bytes)
Event: 0.058 Thread 0x0000022d040ca3e0 nmethod 73 0x0000022d532d7a90 code [0x0000022d532d7c40, 0x0000022d532d7f20]
Event: 0.058 Thread 0x0000022d041fe950 nmethod 74 0x0000022d532d8010 code [0x0000022d532d81c0, 0x0000022d532d83f8]
Event: 0.058 Thread 0x0000022d041fe950   76       1       java.lang.module.ModuleDescriptor$Exports::targets (5 bytes)
Event: 0.058 Thread 0x0000022d041fe950 nmethod 76 0x0000022d5ae63690 code [0x0000022d5ae63820, 0x0000022d5ae638f0]
Event: 0.058 Thread 0x0000022d041fe950   78       3       java.util.HashMap::<init> (11 bytes)
Event: 0.058 Thread 0x0000022d040ca3e0   77       1       java.lang.module.ResolvedModule::configuration (5 bytes)
Event: 0.058 Thread 0x0000022d041fe950 nmethod 78 0x0000022d532d8510 code [0x0000022d532d86c0, 0x0000022d532d8890]
Event: 0.058 Thread 0x0000022d040ca3e0 nmethod 77 0x0000022d5ae63990 code [0x0000022d5ae63b20, 0x0000022d5ae63bf0]
Event: 0.058 Thread 0x0000022d040ca3e0   79       1       java.util.ImmutableCollections$Set12::isEmpty (2 bytes)
Event: 0.058 Thread 0x0000022d040ca3e0 nmethod 79 0x0000022d5ae63c90 code [0x0000022d5ae63e20, 0x0000022d5ae63ee8]
Event: 0.058 Thread 0x0000022d040ca3e0   80       3       java.lang.AbstractStringBuilder::ensureCapacityInternal (39 bytes)
Event: 0.059 Thread 0x0000022d040ca3e0 nmethod 80 0x0000022d532d8990 code [0x0000022d532d8b40, 0x0000022d532d8d78]
Event: 0.059 Thread 0x0000022d040ca3e0   81       3       java.lang.String::isEmpty (14 bytes)
Event: 0.059 Thread 0x0000022d040ca3e0 nmethod 81 0x0000022d532d8e90 code [0x0000022d532d9020, 0x0000022d532d9190]

GC Heap History (0 events):
No events

Dll operation events (2 events):
Event: 0.005 Loaded shared library C:\Program Files\Java\jdk-22\bin\java.dll
Event: 0.039 Loaded shared library C:\Program Files\Java\jdk-22\bin\jsvml.dll

Deoptimization events (0 events):
No events

Classes loaded (20 events):
Event: 0.058 Loading class jdk/internal/module/ServicesCatalog$ServiceProvider done
Event: 0.058 Loading class java/util/concurrent/CopyOnWriteArrayList
Event: 0.058 Loading class java/util/concurrent/CopyOnWriteArrayList done
Event: 0.058 Loading class java/util/HashMap$KeySet
Event: 0.058 Loading class java/util/HashMap$KeySet done
Event: 0.058 Loading class java/util/HashMap$KeyIterator
Event: 0.058 Loading class java/util/HashMap$KeyIterator done
Event: 0.058 Loading class java/lang/ModuleLayer$Controller
Event: 0.058 Loading class java/lang/ModuleLayer$Controller done
Event: 0.058 Loading class java/lang/invoke/StringConcatFactory
Event: 0.059 Loading class java/lang/invoke/StringConcatFactory done
Event: 0.059 Loading class jdk/internal/vm/PostVMInitHook
Event: 0.059 Loading class jdk/internal/vm/PostVMInitHook done
Event: 0.059 Loading class jdk/internal/vm/PostVMInitHook$2
Event: 0.059 Loading class jdk/internal/vm/PostVMInitHook$2 done
Event: 0.059 Loading class jdk/internal/util/EnvUtils
Event: 0.059 Loading class jdk/internal/util/EnvUtils done
Event: 0.059 Loading class jdk/internal/vm/PostVMInitHook$1
Event: 0.059 Loading class jdk/internal/vm/PostVMInitHook$1 done
Event: 0.059 Loading class jdk/internal/misc/CarrierThread

Classes unloaded (0 events):
No events

Classes redefined (0 events):
No events

Internal exceptions (0 events):
No events

ZGC Phase Switch (0 events):
No events

VM Operations (0 events):
No events

Events (11 events):
Event: 0.013 Thread 0x0000022d48e1c110 Thread added: 0x0000022d48e1c110
Event: 0.037 Thread 0x0000022d040d6e70 Thread added: 0x0000022d040d6e70
Event: 0.037 Thread 0x0000022d040d7b30 Thread added: 0x0000022d040d7b30
Event: 0.038 Thread 0x0000022d040cc640 Thread added: 0x0000022d040cc640
Event: 0.038 Thread 0x0000022d040cd0a0 Thread added: 0x0000022d040cd0a0
Event: 0.038 Thread 0x0000022d040ce110 Thread added: 0x0000022d040ce110
Event: 0.038 Thread 0x0000022d040c6e50 Thread added: 0x0000022d040c6e50
Event: 0.038 Thread 0x0000022d040c9bf0 Thread added: 0x0000022d040c9bf0
Event: 0.038 Thread 0x0000022d040ca3e0 Thread added: 0x0000022d040ca3e0
Event: 0.055 Thread 0x0000022d041fe950 Thread added: 0x0000022d041fe950
Event: 0.059 Thread 0x0000022d04295bd0 Thread added: 0x0000022d04295bd0


Dynamic libraries:
0x00007ff706310000 - 0x00007ff706320000 	C:\Program Files\Java\jdk-22\bin\java.exe
0x00007fff94570000 - 0x00007fff94786000 	C:\WINDOWS\SYSTEM32\ntdll.dll
0x00007fff93590000 - 0x00007fff93654000 	C:\WINDOWS\System32\KERNEL32.DLL
0x00007fff91a40000 - 0x00007fff91de7000 	C:\WINDOWS\System32\KERNELBASE.dll
0x00007fff91860000 - 0x00007fff91971000 	C:\WINDOWS\System32\ucrtbase.dll
0x00007fff88d30000 - 0x00007fff88d4b000 	C:\Program Files\Java\jdk-22\bin\VCRUNTIME140.dll
0x00007fff882e0000 - 0x00007fff882f7000 	C:\Program Files\Java\jdk-22\bin\jli.dll
0x00007fff93040000 - 0x00007fff930f2000 	C:\WINDOWS\System32\ADVAPI32.dll
0x00007fff92430000 - 0x00007fff924d7000 	C:\WINDOWS\System32\msvcrt.dll
0x00007fff933a0000 - 0x00007fff93448000 	C:\WINDOWS\System32\sechost.dll
0x00007fff91df0000 - 0x00007fff91e18000 	C:\WINDOWS\System32\bcrypt.dll
0x00007fff93470000 - 0x00007fff93585000 	C:\WINDOWS\System32\RPCRT4.dll
0x00007fff93a90000 - 0x00007fff93c3e000 	C:\WINDOWS\System32\USER32.dll
0x00007fff92120000 - 0x00007fff92146000 	C:\WINDOWS\System32\win32u.dll
0x00007fff93100000 - 0x00007fff93129000 	C:\WINDOWS\System32\GDI32.dll
0x00007fff7cd80000 - 0x00007fff7d013000 	C:\WINDOWS\WinSxS\amd64_microsoft.windows.common-controls_6595b64144ccf1df_6.0.22621.3235_none_270f74e173860f98\COMCTL32.dll
0x00007fff92150000 - 0x00007fff92269000 	C:\WINDOWS\System32\gdi32full.dll
0x00007fff92010000 - 0x00007fff920aa000 	C:\WINDOWS\System32\msvcp_win.dll
0x00007fff86060000 - 0x00007fff8606a000 	C:\WINDOWS\SYSTEM32\VERSION.dll
0x00007fff93870000 - 0x00007fff938a1000 	C:\WINDOWS\System32\IMM32.DLL
0x00007fff8ab30000 - 0x00007fff8ab3c000 	C:\Program Files\Java\jdk-22\bin\vcruntime140_1.dll
0x00007fff5a780000 - 0x00007fff5a80e000 	C:\Program Files\Java\jdk-22\bin\msvcp140.dll
0x00007ffee7450000 - 0x00007ffee8197000 	C:\Program Files\Java\jdk-22\bin\server\jvm.dll
0x00007fff93710000 - 0x00007fff93781000 	C:\WINDOWS\System32\WS2_32.dll
0x00007fff906c0000 - 0x00007fff9070d000 	C:\WINDOWS\SYSTEM32\POWRPROF.dll
0x00007fff86e40000 - 0x00007fff86e74000 	C:\WINDOWS\SYSTEM32\WINMM.dll
0x00007fff906a0000 - 0x00007fff906b3000 	C:\WINDOWS\SYSTEM32\UMPDC.dll
0x00007fff90960000 - 0x00007fff90978000 	C:\WINDOWS\SYSTEM32\kernel.appcore.dll
0x00007fff59ee0000 - 0x00007fff59eea000 	C:\Program Files\Java\jdk-22\bin\jimage.dll
0x00007fff8ee20000 - 0x00007fff8f053000 	C:\WINDOWS\SYSTEM32\DBGHELP.DLL
0x00007fff927b0000 - 0x00007fff92b38000 	C:\WINDOWS\System32\combase.dll
0x00007fff93790000 - 0x00007fff93867000 	C:\WINDOWS\System32\OLEAUT32.dll
0x00007fff62a60000 - 0x00007fff62a92000 	C:\WINDOWS\SYSTEM32\dbgcore.DLL
0x00007fff91e20000 - 0x00007fff91e99000 	C:\WINDOWS\System32\bcryptPrimitives.dll
0x00007fff4d810000 - 0x00007fff4d82e000 	C:\Program Files\Java\jdk-22\bin\java.dll
0x00007fff93ca0000 - 0x00007fff944fc000 	C:\WINDOWS\System32\SHELL32.dll
0x00007fff93130000 - 0x00007fff932d5000 	C:\WINDOWS\System32\ole32.dll
0x00007fff8f780000 - 0x00007fff90079000 	C:\WINDOWS\SYSTEM32\windows.storage.dll
0x00007fff8f640000 - 0x00007fff8f77e000 	C:\WINDOWS\SYSTEM32\wintypes.dll
0x00007fff92590000 - 0x00007fff92683000 	C:\WINDOWS\System32\SHCORE.dll
0x00007fff936b0000 - 0x00007fff9370e000 	C:\WINDOWS\System32\shlwapi.dll
0x00007fff91790000 - 0x00007fff917b1000 	C:\WINDOWS\SYSTEM32\profapi.dll
0x00007fff06910000 - 0x00007fff069e7000 	C:\Program Files\Java\jdk-22\bin\jsvml.dll

dbghelp: loaded successfully - version: 4.0.5 - missing functions: none
symbol engine: initialized successfully - sym options: 0x614 - pdb path: .;C:\Program Files\Java\jdk-22\bin;C:\WINDOWS\SYSTEM32;C:\WINDOWS\WinSxS\amd64_microsoft.windows.common-controls_6595b64144ccf1df_6.0.22621.3235_none_270f74e173860f98;C:\Program Files\Java\jdk-22\bin\server

VM Arguments:
jvm_args: -XX:+ShowCodeDetailsInExceptionMessages 
java_command: hibernate.org.user.App
java_class_path (initial): C:\Users\NHQNA\eclipse-workspace\user\target\classes;C:\Users\NHQNA\.m2\repository\org\hibernate\orm\hibernate-core\6.5.1.Final\hibernate-core-6.5.1.Final.jar;C:\Users\NHQNA\.m2\repository\jakarta\persistence\jakarta.persistence-api\3.1.0\jakarta.persistence-api-3.1.0.jar;C:\Users\NHQNA\.m2\repository\jakarta\transaction\jakarta.transaction-api\2.0.1\jakarta.transaction-api-2.0.1.jar;C:\Users\NHQNA\.m2\repository\org\jboss\logging\jboss-logging\3.5.0.Final\jboss-logging-3.5.0.Final.jar;C:\Users\NHQNA\.m2\repository\org\hibernate\common\hibernate-commons-annotations\6.0.6.Final\hibernate-commons-annotations-6.0.6.Final.jar;C:\Users\NHQNA\.m2\repository\io\smallrye\jandex\3.1.2\jandex-3.1.2.jar;C:\Users\NHQNA\.m2\repository\com\fasterxml\classmate\1.5.1\classmate-1.5.1.jar;C:\Users\NHQNA\.m2\repository\net\bytebuddy\byte-buddy\1.14.15\byte-buddy-1.14.15.jar;C:\Users\NHQNA\.m2\repository\jakarta\xml\bind\jakarta.xml.bind-api\4.0.0\jakarta.xml.bind-api-4.0.0.jar;C:\Users\NHQNA\.m2\repository\jakarta\activation\jakarta.activation-api\2.1.0\jakarta.activation-api-2.1.0.jar;C:\Users\NHQNA\.m2\repository\org\glassfish\jaxb\jaxb-runtime\4.0.2\jaxb-runtime-4.0.2.jar;C:\Users\NHQNA\.m2\repository\org\glassfish\jaxb\jaxb-core\4.0.2\jaxb-core-4.0.2.jar;C:\Users\NHQNA\.m2\repository\org\eclipse\angus\angus-activation\2.0.0\angus-activation-2.0.0.jar;C:\Users\NHQNA\.m2\repository\org\glassfish\jaxb\txw2\4.0.2\txw2-4.0.2.jar;C:\Users\NHQNA\.m2\repository\com\sun\istack\istack-commons-runtime\4.1.1\istack-commons-runtime-4.1.1.jar;C:\Users\NHQNA\.m2\repository\jakarta\inject\jakarta.inject-api\2.0.1\jakarta.inject-api-2.0.1.jar;C:\Users\NHQNA\.m2\repository\org\antlr\antlr4-runtime\4.13.0\antlr4-runtime-4.13.0.jar;C:\Users\NHQNA\.m2\repository\com\mysql\mysql-connector-j\8.0.33\mysql-connector-j-8.0.33.jar;C:\Users\NHQNA\.m2\repository\com\google\protobuf\protobuf-java\3.21.9\protobuf-java-3.21.9.jar
Launcher Type: SUN_STANDARD

[Global flags]
     intx CICompilerCount                          = 12                                        {product} {ergonomic}
     uint ConcGCThreads                            = 3                                         {product} {ergonomic}
     uint G1ConcRefinementThreads                  = 13                                        {product} {ergonomic}
   size_t G1HeapRegionSize                         = 2097152                                   {product} {ergonomic}
   size_t InitialHeapSize                          = 264241152                                 {product} {ergonomic}
   size_t MarkStackSize                            = 4194304                                   {product} {ergonomic}
   size_t MaxHeapSize                              = 4217372672                                {product} {ergonomic}
   size_t MaxNewSize                               = 2529165312                                {product} {ergonomic}
   size_t MinHeapDeltaBytes                        = 2097152                                   {product} {ergonomic}
   size_t MinHeapSize                              = 8388608                                   {product} {ergonomic}
    uintx NonNMethodCodeHeapSize                   = 7602480                                {pd product} {ergonomic}
    uintx NonProfiledCodeHeapSize                  = 122027880                              {pd product} {ergonomic}
    uintx ProfiledCodeHeapSize                     = 122027880                              {pd product} {ergonomic}
    uintx ReservedCodeCacheSize                    = 251658240                              {pd product} {ergonomic}
     bool SegmentedCodeCache                       = true                                      {product} {ergonomic}
     bool ShowCodeDetailsInExceptionMessages       = true                                   {manageable} {command line}
   size_t SoftMaxHeapSize                          = 4217372672                             {manageable} {ergonomic}
     bool UseCompressedOops                        = true                           {product lp64_product} {ergonomic}
     bool UseG1GC                                  = true                                      {product} {ergonomic}
     bool UseLargePagesIndividualAllocation        = false                                  {pd product} {ergonomic}

Logging:
Log output configuration:
 #0: stdout all=warning uptime,level,tags foldmultilines=false
 #1: stderr all=off uptime,level,tags foldmultilines=false

Environment Variables:
PATH=C:\Program Files\Common Files\Oracle\Java\javapath;c:\Users\NHQNA\AppData\Local\Programs\cursor\resources\app\bin;C:\Program Files (x86)\Common Files\Oracle\Java\javapath;C:\Windows\system32;C:\Windows;C:\Windows\System32\Wbem;C:\Windows\System32\WindowsPowerShell\v1.0\;C:\Windows\System32\OpenSSH\;C:\Program Files (x86)\NVIDIA Corporation\PhysX\Common;C:\Program Files\NVIDIA Corporation\NVIDIA NvDLISR;C:\WINDOWS\system32;C:\WINDOWS;C:\WINDOWS\System32\Wbem;C:\WINDOWS\System32\WindowsPowerShell\v1.0\;C:\WINDOWS\System32\OpenSSH\;C:\Users\NHQNA\AppData\Local\Microsoft\WindowsApps;c:\Users\NHQNA\AppData\Local\Programs\cursor\resources\app\bin;C:\Program Files\nodejs\;C:\Program Files\Git\cmd;C:\Users\NHQNA\AppData\Local\Programs\Python\Launcher\;C:\Users\NHQNA\AppData\Local\Microsoft\WindowsApps;C:\Users\NHQNA\AppData\Roaming\npm;C:\Users\NHQNA\AppData\Local\Programs\Microsoft VS Code\bin
USERNAME=ADIT
LANG=en_US.UTF-8
OS=Windows_NT
PROCESSOR_IDENTIFIER=Intel64 Family 6 Model 186 Stepping 2, GenuineIntel
TMP=C:\Users\NHQNA\AppData\Local\Temp
TEMP=C:\Users\NHQNA\AppData\Local\Temp




Periodic native trim disabled

---------------  S Y S T E M  ---------------

OS:
 Windows 11 , 64 bit Build 22621 (10.0.22621.3374)
OS uptime: 2 days 5:32 hours
Hyper-V role detected

CPU: total 16 (initial active 16) (8 cores per cpu, 2 threads per core) family 6 model 186 stepping 2 microcode 0x4112, cx8, cmov, fxsr, ht, mmx, 3dnowpref, sse, sse2, sse3, ssse3, sse4.1, sse4.2, popcnt, lzcnt, tsc, tscinvbit, avx, avx2, aes, erms, clmul, bmi1, bmi2, adx, sha, fma, vzeroupper, clflush, clflushopt, clwb, hv, serialize, rdtscp, rdpid, fsrm, f16c, cet_ibt, cet_ss
Processor Information for processor 0
  Max Mhz: 2400, Current Mhz: 2400, Mhz Limit: 2400
Processor Information for processor 1
  Max Mhz: 2400, Current Mhz: 2400, Mhz Limit: 2400
Processor Information for processor 2
  Max Mhz: 2400, Current Mhz: 2400, Mhz Limit: 2400
Processor Information for processor 3
  Max Mhz: 2400, Current Mhz: 2400, Mhz Limit: 2400
Processor Information for processor 4
  Max Mhz: 2400, Current Mhz: 2400, Mhz Limit: 2400
Processor Information for processor 5
  Max Mhz: 2400, Current Mhz: 2400, Mhz Limit: 2400
Processor Information for processor 6
  Max Mhz: 2400, Current Mhz: 2400, Mhz Limit: 2400
Processor Information for processor 7
  Max Mhz: 2400, Current Mhz: 2400, Mhz Limit: 2400
Processor Information for processor 8
  Max Mhz: 2400, Current Mhz: 2400, Mhz Limit: 2400
Processor Information for processor 9
  Max Mhz: 2400, Current Mhz: 1520, Mhz Limit: 2400
Processor Information for processor 10
  Max Mhz: 2400, Current Mhz: 2400, Mhz Limit: 2400
Processor Information for processor 11
  Max Mhz: 2400, Current Mhz: 1520, Mhz Limit: 2400
Processor Information for processor 12
  Max Mhz: 2400, Current Mhz: 1800, Mhz Limit: 1800
Processor Information for processor 13
  Max Mhz: 2400, Current Mhz: 1800, Mhz Limit: 1800
Processor Information for processor 14
  Max Mhz: 2400, Current Mhz: 1800, Mhz Limit: 1800
Processor Information for processor 15
  Max Mhz: 2400, Current Mhz: 1500, Mhz Limit: 1800

Memory: 4k page, system-wide physical 16087M (1720M free)
TotalPageFile size 31348M (AvailPageFile size 3M)
current process WorkingSet (physical memory assigned to process): 28M, peak: 28M
current process commit charge ("private bytes"): 338M, peak: 341M

vm_info: Java HotSpot(TM) 64-Bit Server VM (22.0.1+8-16) for windows-amd64 JRE (22.0.1+8-16), built on 2024-03-12T10:33:16Z by "mach5one" with MS VC++ 17.6 (VS2022)

END.
