#
# There is insufficient memory for the Java Runtime Environment to continue.
# Native memory allocation (mmap) failed to map 4128768 bytes. Error detail: G1 virtual space
# Possible reasons:
#   The system is out of physical RAM or swap space
#   This process is running with CompressedOops enabled, and the Java Heap may be blocking the growth of the native heap
# Possible solutions:
#   Reduce memory load on the system
#   Increase physical memory or swap space
#   Check if swap backing store is full
#   Decrease Java heap size (-Xmx/-Xms)
#   Decrease number of Java threads
#   Decrease Java thread stack sizes (-Xss)
#   Set larger code cache with -XX:ReservedCodeCacheSize=
#   JVM is running with Zero Based Compressed Oops mode in which the Java heap is
#     placed in the first 32GB address space. The Java Heap base address is the
#     maximum limit for the native heap growth. Please use -XX:HeapBaseMinAddress
#     to set the Java Heap base and to place the Java Heap above 32GB virtual address.
# This output file may be truncated or incomplete.
#
#  Out of Memory Error (os_windows.cpp:3631), pid=43912, tid=72020
#
# JRE version:  (22.0.1+8) (build )
# Java VM: Java HotSpot(TM) 64-Bit Server VM (22.0.1+8-16, mixed mode, sharing, tiered, compressed oops, compressed class ptrs, g1 gc, windows-amd64)
# No core dump will be written. Minidumps are not enabled by default on client versions of Windows
#

---------------  S U M M A R Y ------------

Command Line: -XX:+ShowCodeDetailsInExceptionMessages hibernate.org.user.App

Host: 13th Gen Intel(R) Core(TM) i7-13620H, 16 cores, 15G,  Windows 11 , 64 bit Build 22621 (10.0.22621.3374)
Time: Thu May 16 18:36:17 2024 Malay Peninsula Standard Time elapsed time: 0.008982 seconds (0d 0h 0m 0s)

---------------  T H R E A D  ---------------

Current thread (0x000002728a0d9f90):  JavaThread "Unknown thread" [_thread_in_vm, id=72020, stack(0x00000099e7900000,0x00000099e7a00000) (1024K)]

Stack: [0x00000099e7900000,0x00000099e7a00000]
Native frames: (J=compiled Java code, j=interpreted, Vv=VM code, C=native code)
V  [jvm.dll+0x6e2279]  (no source info available)
V  [jvm.dll+0x874e33]  (no source info available)
V  [jvm.dll+0x87725e]  (no source info available)
V  [jvm.dll+0x877933]  (no source info available)
V  [jvm.dll+0x27fd76]  (no source info available)
V  [jvm.dll+0x6de915]  (no source info available)
V  [jvm.dll+0x6d341a]  (no source info available)
V  [jvm.dll+0x3589da]  (no source info available)
V  [jvm.dll+0x360f06]  (no source info available)
V  [jvm.dll+0x3b3e43]  (no source info available)
V  [jvm.dll+0x3b40d8]  (no source info available)
V  [jvm.dll+0x32c59c]  (no source info available)
V  [jvm.dll+0x32d158]  (no source info available)
V  [jvm.dll+0x83ccdc]  (no source info available)
V  [jvm.dll+0x3c0d71]  (no source info available)
V  [jvm.dll+0x825ccc]  (no source info available)
V  [jvm.dll+0x45b8fe]  (no source info available)
V  [jvm.dll+0x45d781]  (no source info available)
C  [jli.dll+0x52a3]  (no source info available)
C  [ucrtbase.dll+0x29333]  (no source info available)
C  [KERNEL32.DLL+0x1257d]  (no source info available)
C  [ntdll.dll+0x5aa48]  (no source info available)


---------------  P R O C E S S  ---------------

Threads class SMR info:
_java_thread_list=0x00007ffee803b1c8, length=0, elements={
}

Java Threads: ( => current thread )
Total: 0

Other Threads:
  0x000002728c291880 WorkerThread "GC Thread#0"                     [id=36328, stack(0x00000099e7a00000,0x00000099e7b00000) (1024K)]
  0x000002728c2a2480 ConcurrentGCThread "G1 Main Marker"            [id=64448, stack(0x00000099e7b00000,0x00000099e7c00000) (1024K)]
  0x000002728c2a2ea0 WorkerThread "G1 Conc#0"                       [id=58156, stack(0x00000099e7c00000,0x00000099e7d00000) (1024K)]

[error occurred during error reporting (printing all threads), id 0xc0000005, EXCEPTION_ACCESS_VIOLATION (0xc0000005) at pc=0x00007ffee778f367]
VM state: not at safepoint (not fully initialized)

VM Mutex/Monitor currently owned by a thread:  ([mutex/lock_event])
[0x00007ffee80bbcb8] Heap_lock - owner thread: 0x000002728a0d9f90

Heap address: 0x0000000704a00000, size: 4022 MB, Compressed Oops mode: Zero based, Oop shift amount: 3

CDS archive(s) mapped at: [0x0000000000000000-0x0000000000000000-0x0000000000000000), size 0, SharedBaseAddress: 0x0000000800000000, ArchiveRelocationMode: 1.
Narrow klass base: 0x0000000000000000, Narrow klass shift: 0, Narrow klass range: 0x0

GC Precious Log:
 CardTable entry size: 512
 Card Set container configuration: InlinePtr #cards 4 size 8 Array Of Cards #cards 16 size 48 Howl #buckets 8 coarsen threshold 3686 Howl Bitmap #cards 512 size 80 coarsen threshold 460 Card regions per heap region 1 cards per card region 4096

Heap:
 garbage-first heap   total reserved 4118528K, committed 0K, used 0K [0x0000000704a00000, 0x0000000800000000)
  region size 2048K, 0 young (0K), 0 survivors (0K)

[error occurred during error reporting (printing heap information), id 0xc0000005, EXCEPTION_ACCESS_VIOLATION (0xc0000005) at pc=0x00007ffee7b8e429]
GC Heap History (0 events):
No events

Dll operation events (1 events):
Event: 0.005 Loaded shared library C:\Program Files\Java\jdk-22\bin\java.dll

Deoptimization events (0 events):
No events

Classes loaded (0 events):
No events

Classes unloaded (0 events):
No events

Classes redefined (0 events):
No events

Internal exceptions (0 events):
No events

ZGC Phase Switch (0 events):
No events

VM Operations (0 events):
No events

Events (0 events):
No events


Dynamic libraries:
0x00007ff706310000 - 0x00007ff706320000 	C:\Program Files\Java\jdk-22\bin\java.exe
0x00007fff94570000 - 0x00007fff94786000 	C:\WINDOWS\SYSTEM32\ntdll.dll
0x00007fff93590000 - 0x00007fff93654000 	C:\WINDOWS\System32\KERNEL32.DLL
0x00007fff91a40000 - 0x00007fff91de7000 	C:\WINDOWS\System32\KERNELBASE.dll
0x00007fff91860000 - 0x00007fff91971000 	C:\WINDOWS\System32\ucrtbase.dll
0x00007fff88d30000 - 0x00007fff88d4b000 	C:\Program Files\Java\jdk-22\bin\VCRUNTIME140.dll
0x00007fff882e0000 - 0x00007fff882f7000 	C:\Program Files\Java\jdk-22\bin\jli.dll
0x00007fff93040000 - 0x00007fff930f2000 	C:\WINDOWS\System32\ADVAPI32.dll
0x00007fff92430000 - 0x00007fff924d7000 	C:\WINDOWS\System32\msvcrt.dll
0x00007fff933a0000 - 0x00007fff93448000 	C:\WINDOWS\System32\sechost.dll
0x00007fff91df0000 - 0x00007fff91e18000 	C:\WINDOWS\System32\bcrypt.dll
0x00007fff93470000 - 0x00007fff93585000 	C:\WINDOWS\System32\RPCRT4.dll
0x00007fff93a90000 - 0x00007fff93c3e000 	C:\WINDOWS\System32\USER32.dll
0x00007fff92120000 - 0x00007fff92146000 	C:\WINDOWS\System32\win32u.dll
0x00007fff7cd80000 - 0x00007fff7d013000 	C:\WINDOWS\WinSxS\amd64_microsoft.windows.common-controls_6595b64144ccf1df_6.0.22621.3235_none_270f74e173860f98\COMCTL32.dll
0x00007fff93100000 - 0x00007fff93129000 	C:\WINDOWS\System32\GDI32.dll
0x00007fff92150000 - 0x00007fff92269000 	C:\WINDOWS\System32\gdi32full.dll
0x00007fff92010000 - 0x00007fff920aa000 	C:\WINDOWS\System32\msvcp_win.dll
0x00007fff86060000 - 0x00007fff8606a000 	C:\WINDOWS\SYSTEM32\VERSION.dll
0x00007fff93870000 - 0x00007fff938a1000 	C:\WINDOWS\System32\IMM32.DLL
0x00007fff8ab30000 - 0x00007fff8ab3c000 	C:\Program Files\Java\jdk-22\bin\vcruntime140_1.dll
0x00007fff5a780000 - 0x00007fff5a80e000 	C:\Program Files\Java\jdk-22\bin\msvcp140.dll
0x00007ffee7450000 - 0x00007ffee8197000 	C:\Program Files\Java\jdk-22\bin\server\jvm.dll
0x00007fff93710000 - 0x00007fff93781000 	C:\WINDOWS\System32\WS2_32.dll
0x00007fff906c0000 - 0x00007fff9070d000 	C:\WINDOWS\SYSTEM32\POWRPROF.dll
0x00007fff86e40000 - 0x00007fff86e74000 	C:\WINDOWS\SYSTEM32\WINMM.dll
0x00007fff906a0000 - 0x00007fff906b3000 	C:\WINDOWS\SYSTEM32\UMPDC.dll
0x00007fff90960000 - 0x00007fff90978000 	C:\WINDOWS\SYSTEM32\kernel.appcore.dll
0x00007fff59ee0000 - 0x00007fff59eea000 	C:\Program Files\Java\jdk-22\bin\jimage.dll
0x00007fff8ee20000 - 0x00007fff8f053000 	C:\WINDOWS\SYSTEM32\DBGHELP.DLL
0x00007fff927b0000 - 0x00007fff92b38000 	C:\WINDOWS\System32\combase.dll
0x00007fff93790000 - 0x00007fff93867000 	C:\WINDOWS\System32\OLEAUT32.dll
0x00007fff62a60000 - 0x00007fff62a92000 	C:\WINDOWS\SYSTEM32\dbgcore.DLL
0x00007fff91e20000 - 0x00007fff91e99000 	C:\WINDOWS\System32\bcryptPrimitives.dll
0x00007fff4d810000 - 0x00007fff4d82e000 	C:\Program Files\Java\jdk-22\bin\java.dll
0x00007fff93ca0000 - 0x00007fff944fc000 	C:\WINDOWS\System32\SHELL32.dll
0x00007fff93130000 - 0x00007fff932d5000 	C:\WINDOWS\System32\ole32.dll

dbghelp: loaded successfully - version: 4.0.5 - missing functions: none
symbol engine: initialized successfully - sym options: 0x614 - pdb path: .;C:\Program Files\Java\jdk-22\bin;C:\WINDOWS\SYSTEM32;C:\WINDOWS\WinSxS\amd64_microsoft.windows.common-controls_6595b64144ccf1df_6.0.22621.3235_none_270f74e173860f98;C:\Program Files\Java\jdk-22\bin\server

VM Arguments:
jvm_args: -XX:+ShowCodeDetailsInExceptionMessages 
java_command: hibernate.org.user.App
java_class_path (initial): C:\Users\NHQNA\eclipse-workspace\user\target\classes;C:\Users\NHQNA\.m2\repository\org\hibernate\orm\hibernate-core\6.5.1.Final\hibernate-core-6.5.1.Final.jar;C:\Users\NHQNA\.m2\repository\jakarta\persistence\jakarta.persistence-api\3.1.0\jakarta.persistence-api-3.1.0.jar;C:\Users\NHQNA\.m2\repository\jakarta\transaction\jakarta.transaction-api\2.0.1\jakarta.transaction-api-2.0.1.jar;C:\Users\NHQNA\.m2\repository\org\jboss\logging\jboss-logging\3.5.0.Final\jboss-logging-3.5.0.Final.jar;C:\Users\NHQNA\.m2\repository\org\hibernate\common\hibernate-commons-annotations\6.0.6.Final\hibernate-commons-annotations-6.0.6.Final.jar;C:\Users\NHQNA\.m2\repository\io\smallrye\jandex\3.1.2\jandex-3.1.2.jar;C:\Users\NHQNA\.m2\repository\com\fasterxml\classmate\1.5.1\classmate-1.5.1.jar;C:\Users\NHQNA\.m2\repository\net\bytebuddy\byte-buddy\1.14.15\byte-buddy-1.14.15.jar;C:\Users\NHQNA\.m2\repository\jakarta\xml\bind\jakarta.xml.bind-api\4.0.0\jakarta.xml.bind-api-4.0.0.jar;C:\Users\NHQNA\.m2\repository\jakarta\activation\jakarta.activation-api\2.1.0\jakarta.activation-api-2.1.0.jar;C:\Users\NHQNA\.m2\repository\org\glassfish\jaxb\jaxb-runtime\4.0.2\jaxb-runtime-4.0.2.jar;C:\Users\NHQNA\.m2\repository\org\glassfish\jaxb\jaxb-core\4.0.2\jaxb-core-4.0.2.jar;C:\Users\NHQNA\.m2\repository\org\eclipse\angus\angus-activation\2.0.0\angus-activation-2.0.0.jar;C:\Users\NHQNA\.m2\repository\org\glassfish\jaxb\txw2\4.0.2\txw2-4.0.2.jar;C:\Users\NHQNA\.m2\repository\com\sun\istack\istack-commons-runtime\4.1.1\istack-commons-runtime-4.1.1.jar;C:\Users\NHQNA\.m2\repository\jakarta\inject\jakarta.inject-api\2.0.1\jakarta.inject-api-2.0.1.jar;C:\Users\NHQNA\.m2\repository\org\antlr\antlr4-runtime\4.13.0\antlr4-runtime-4.13.0.jar;C:\Users\NHQNA\.m2\repository\com\mysql\mysql-connector-j\8.0.33\mysql-connector-j-8.0.33.jar;C:\Users\NHQNA\.m2\repository\com\google\protobuf\protobuf-java\3.21.9\protobuf-java-3.21.9.jar
Launcher Type: SUN_STANDARD

[Global flags]
     intx CICompilerCount                          = 12                                        {product} {ergonomic}
     uint ConcGCThreads                            = 3                                         {product} {ergonomic}
     uint G1ConcRefinementThreads                  = 13                                        {product} {ergonomic}
   size_t G1HeapRegionSize                         = 2097152                                   {product} {ergonomic}
   size_t InitialHeapSize                          = 264241152                                 {product} {ergonomic}
   size_t MarkStackSize                            = 4194304                                   {product} {ergonomic}
   size_t MaxHeapSize                              = 4217372672                                {product} {ergonomic}
   size_t MinHeapDeltaBytes                        = 2097152                                   {product} {ergonomic}
   size_t MinHeapSize                              = 8388608                                   {product} {ergonomic}
    uintx NonNMethodCodeHeapSize                   = 7602480                                {pd product} {ergonomic}
    uintx NonProfiledCodeHeapSize                  = 122027880                              {pd product} {ergonomic}
    uintx ProfiledCodeHeapSize                     = 122027880                              {pd product} {ergonomic}
    uintx ReservedCodeCacheSize                    = 251658240                              {pd product} {ergonomic}
     bool SegmentedCodeCache                       = true                                      {product} {ergonomic}
     bool ShowCodeDetailsInExceptionMessages       = true                                   {manageable} {command line}
   size_t SoftMaxHeapSize                          = 4217372672                             {manageable} {ergonomic}
     bool UseCompressedOops                        = true                           {product lp64_product} {ergonomic}
     bool UseG1GC                                  = true                                      {product} {ergonomic}
     bool UseLargePagesIndividualAllocation        = false                                  {pd product} {ergonomic}

Logging:
Log output configuration:
 #0: stdout all=warning uptime,level,tags foldmultilines=false
 #1: stderr all=off uptime,level,tags foldmultilines=false

Environment Variables:
PATH=C:\Program Files\Common Files\Oracle\Java\javapath;c:\Users\NHQNA\AppData\Local\Programs\cursor\resources\app\bin;C:\Program Files (x86)\Common Files\Oracle\Java\javapath;C:\Windows\system32;C:\Windows;C:\Windows\System32\Wbem;C:\Windows\System32\WindowsPowerShell\v1.0\;C:\Windows\System32\OpenSSH\;C:\Program Files (x86)\NVIDIA Corporation\PhysX\Common;C:\Program Files\NVIDIA Corporation\NVIDIA NvDLISR;C:\WINDOWS\system32;C:\WINDOWS;C:\WINDOWS\System32\Wbem;C:\WINDOWS\System32\WindowsPowerShell\v1.0\;C:\WINDOWS\System32\OpenSSH\;C:\Users\NHQNA\AppData\Local\Microsoft\WindowsApps;c:\Users\NHQNA\AppData\Local\Programs\cursor\resources\app\bin;C:\Program Files\nodejs\;C:\Program Files\Git\cmd;C:\Users\NHQNA\AppData\Local\Programs\Python\Launcher\;C:\Users\NHQNA\AppData\Local\Microsoft\WindowsApps;C:\Users\NHQNA\AppData\Roaming\npm;C:\Users\NHQNA\AppData\Local\Programs\Microsoft VS Code\bin
USERNAME=ADIT
LANG=en_US.UTF-8
OS=Windows_NT
PROCESSOR_IDENTIFIER=Intel64 Family 6 Model 186 Stepping 2, GenuineIntel
TMP=C:\Users\NHQNA\AppData\Local\Temp
TEMP=C:\Users\NHQNA\AppData\Local\Temp




Periodic native trim disabled

---------------  S Y S T E M  ---------------

OS:
 Windows 11 , 64 bit Build 22621 (10.0.22621.3374)
OS uptime: 2 days 5:32 hours
Hyper-V role detected

CPU: total 16 (initial active 16) (8 cores per cpu, 2 threads per core) family 6 model 186 stepping 2 microcode 0x4112, cx8, cmov, fxsr, ht, mmx, 3dnowpref, sse, sse2, sse3, ssse3, sse4.1, sse4.2, popcnt, lzcnt, tsc, tscinvbit, avx, avx2, aes, erms, clmul, bmi1, bmi2, adx, sha, fma, vzeroupper, clflush, clflushopt, clwb, hv, serialize, rdtscp, rdpid, fsrm, f16c, cet_ibt, cet_ss
Processor Information for processor 0
  Max Mhz: 2400, Current Mhz: 2400, Mhz Limit: 2400
Processor Information for processor 1
  Max Mhz: 2400, Current Mhz: 2400, Mhz Limit: 2400
Processor Information for processor 2
  Max Mhz: 2400, Current Mhz: 2400, Mhz Limit: 2400
Processor Information for processor 3
  Max Mhz: 2400, Current Mhz: 2400, Mhz Limit: 2400
Processor Information for processor 4
  Max Mhz: 2400, Current Mhz: 2400, Mhz Limit: 2400
Processor Information for processor 5
  Max Mhz: 2400, Current Mhz: 2400, Mhz Limit: 2400
Processor Information for processor 6
  Max Mhz: 2400, Current Mhz: 2400, Mhz Limit: 2400
Processor Information for processor 7
  Max Mhz: 2400, Current Mhz: 2400, Mhz Limit: 2400
Processor Information for processor 8
  Max Mhz: 2400, Current Mhz: 2400, Mhz Limit: 2400
Processor Information for processor 9
  Max Mhz: 2400, Current Mhz: 1520, Mhz Limit: 2400
Processor Information for processor 10
  Max Mhz: 2400, Current Mhz: 2400, Mhz Limit: 2400
Processor Information for processor 11
  Max Mhz: 2400, Current Mhz: 2400, Mhz Limit: 2400
Processor Information for processor 12
  Max Mhz: 2400, Current Mhz: 1800, Mhz Limit: 1800
Processor Information for processor 13
  Max Mhz: 2400, Current Mhz: 1800, Mhz Limit: 1800
Processor Information for processor 14
  Max Mhz: 2400, Current Mhz: 1800, Mhz Limit: 1800
Processor Information for processor 15
  Max Mhz: 2400, Current Mhz: 1800, Mhz Limit: 1800

Memory: 4k page, system-wide physical 16087M (1720M free)
TotalPageFile size 31348M (AvailPageFile size 10M)
current process WorkingSet (physical memory assigned to process): 12M, peak: 12M
current process commit charge ("private bytes"): 323M, peak: 327M

vm_info: Java HotSpot(TM) 64-Bit Server VM (22.0.1+8-16) for windows-amd64 JRE (22.0.1+8-16), built on 2024-03-12T10:33:16Z by "mach5one" with MS VC++ 17.6 (VS2022)

END.
